This is pdfTeX, Version 3.14159265-2.6-1.40.21 (MiKTeX 2.9.7400 64-bit) (preloaded format=pdflatex 2020.5.1)  10 MAY 2020 11:12
entering extended mode
**./EGauthorGuidelines-eurovis14-star.tex
(EGauthorGuidelines-eurovis14-star.tex
LaTeX2e <2020-02-02> patch level 5
L3 programming layer <2020-04-06> (egpubl-eurovis-star.cls
Document Class: egpubl-eurovis-star 2013/07/17 Document Style for EG Publicatio
ns v3.56
\c@table=\count167
\c@figure=\count168
\c@part=\count169
\c@section=\count170
\c@subsection=\count171
\c@subsubsection=\count172
\c@paragraph=\count173
\c@subparagraph=\count174
\titlespace=\skip47
\teaserspace=\skip48
\c@p@volume=\count175
\bibhang=\skip49
\every@verbatim=\toks15
\verbatim@line=\toks16
("C:\Users\Tim\AppData\Local\Programs\MiKTeX 2.9\tex/generic/iftex\ifpdf.sty"
Package: ifpdf 2019/10/25 v3.4 ifpdf legacy package. Use iftex instead.

("C:\Users\Tim\AppData\Local\Programs\MiKTeX 2.9\tex/generic/iftex\iftex.sty"
Package: iftex 2020/03/06 v1.0d TeX engine tests
)) (EGauthorGuidelines-eurovis14-star.lbl)
\openout9 = `EGauthorGuidelines-eurovis14-star.lbl'.

) (eurovis2014-star.sty)
("C:\Users\Tim\AppData\Local\Programs\MiKTeX 2.9\tex/latex/graphics\graphicx.st
y"
Package: graphicx 2019/11/30 v1.2a Enhanced LaTeX Graphics (DPC,SPQR)

("C:\Users\Tim\AppData\Local\Programs\MiKTeX 2.9\tex/latex/graphics\keyval.sty"
Package: keyval 2014/10/28 v1.15 key=value parser (DPC)
\KV@toks@=\toks17
)
("C:\Users\Tim\AppData\Local\Programs\MiKTeX 2.9\tex/latex/graphics\graphics.st
y"
Package: graphics 2019/11/30 v1.4a Standard LaTeX Graphics (DPC,SPQR)
 ("C:\Users\Tim\AppData\Local\Programs\MiKTeX 2.9\tex/latex/graphics\trig.sty"
Package: trig 2016/01/03 v1.10 sin cos tan (DPC)
)
("C:\Users\Tim\AppData\Local\Programs\MiKTeX 2.9\tex/latex/graphics-cfg\graphic
s.cfg"
File: graphics.cfg 2016/06/04 v1.11 sample graphics configuration
)
Package graphics Info: Driver file: pdftex.def on input line 105.

("C:\Users\Tim\AppData\Local\Programs\MiKTeX 2.9\tex/latex/graphics-def\pdftex.
def"
File: pdftex.def 2018/01/08 v1.0l Graphics/color driver for pdftex
))
\Gin@req@height=\dimen134
\Gin@req@width=\dimen135
)
("C:\Users\Tim\AppData\Local\Programs\MiKTeX 2.9\tex/latex/hyperref\hyperref.st
y"
Package: hyperref 2020/01/14 v7.00d Hypertext links for LaTeX

("C:\Users\Tim\AppData\Local\Programs\MiKTeX 2.9\tex/generic/ltxcmds\ltxcmds.st
y"
Package: ltxcmds 2019/12/15 v1.24 LaTeX kernel commands for general use (HO)
)
("C:\Users\Tim\AppData\Local\Programs\MiKTeX 2.9\tex/latex/pdftexcmds\pdftexcmd
s.sty"
Package: pdftexcmds 2019/11/24 v0.31 Utility functions of pdfTeX for LuaTeX (HO
)

("C:\Users\Tim\AppData\Local\Programs\MiKTeX 2.9\tex/generic/infwarerr\infwarer
r.sty"
Package: infwarerr 2019/12/03 v1.5 Providing info/warning/error messages (HO)
)
Package pdftexcmds Info: \pdf@primitive is available.
Package pdftexcmds Info: \pdf@ifprimitive is available.
Package pdftexcmds Info: \pdfdraftmode found.
)
("C:\Users\Tim\AppData\Local\Programs\MiKTeX 2.9\tex/generic/kvsetkeys\kvsetkey
s.sty"
Package: kvsetkeys 2019/12/15 v1.18 Key value parser (HO)
)
("C:\Users\Tim\AppData\Local\Programs\MiKTeX 2.9\tex/generic/kvdefinekeys\kvdef
inekeys.sty"
Package: kvdefinekeys 2019-12-19 v1.6 Define keys (HO)
)
("C:\Users\Tim\AppData\Local\Programs\MiKTeX 2.9\tex/generic/pdfescape\pdfescap
e.sty"
Package: pdfescape 2019/12/09 v1.15 Implements pdfTeX's escape features (HO)
)
("C:\Users\Tim\AppData\Local\Programs\MiKTeX 2.9\tex/latex/hycolor\hycolor.sty"
Package: hycolor 2020-01-27 v1.10 Color options for hyperref/bookmark (HO)
)
("C:\Users\Tim\AppData\Local\Programs\MiKTeX 2.9\tex/latex/letltxmacro\letltxma
cro.sty"
Package: letltxmacro 2019/12/03 v1.6 Let assignment for LaTeX macros (HO)
)
("C:\Users\Tim\AppData\Local\Programs\MiKTeX 2.9\tex/latex/auxhook\auxhook.sty"
Package: auxhook 2019-12-17 v1.6 Hooks for auxiliary files (HO)
)
("C:\Users\Tim\AppData\Local\Programs\MiKTeX 2.9\tex/latex/kvoptions\kvoptions.
sty"
Package: kvoptions 2019/11/29 v3.13 Key value format for package options (HO)
)
\@linkdim=\dimen136
\Hy@linkcounter=\count176
\Hy@pagecounter=\count177

("C:\Users\Tim\AppData\Local\Programs\MiKTeX 2.9\tex/latex/hyperref\pd1enc.def"
File: pd1enc.def 2020/01/14 v7.00d Hyperref: PDFDocEncoding definition (HO)
Now handling font encoding PD1 ...
... no UTF-8 mapping file for font encoding PD1
)
("C:\Users\Tim\AppData\Local\Programs\MiKTeX 2.9\tex/generic/intcalc\intcalc.st
y"
Package: intcalc 2019/12/15 v1.3 Expandable calculations with integers (HO)
)
("C:\Users\Tim\AppData\Local\Programs\MiKTeX 2.9\tex/generic/etexcmds\etexcmds.
sty"
Package: etexcmds 2019/12/15 v1.7 Avoid name clashes with e-TeX commands (HO)
)
\Hy@SavedSpaceFactor=\count178
Package hyperref Info: Option `colorlinks' set `true' on input line 4421.
Package hyperref Info: Option `bookmarks' set `false' on input line 4421.
Package hyperref Info: Hyper figures OFF on input line 4547.
Package hyperref Info: Link nesting OFF on input line 4552.
Package hyperref Info: Hyper index ON on input line 4555.
Package hyperref Info: Plain pages OFF on input line 4562.
Package hyperref Info: Backreferencing ON on input line 4565.
Package hyperref Info: Implicit mode ON; LaTeX internals redefined.
Package hyperref Info: Bookmarks OFF on input line 4806.

("C:\Users\Tim\AppData\Local\Programs\MiKTeX 2.9\tex/latex/hyperref\backref.sty
"
Package: backref 2020/01/14 v1.40 Bibliographical back referencing

("C:\Users\Tim\AppData\Local\Programs\MiKTeX 2.9\tex/latex/rerunfilecheck\rerun
filecheck.sty"
Package: rerunfilecheck 2019/12/05 v1.9 Rerun checks for auxiliary files (HO)

("C:\Users\Tim\AppData\Local\Programs\MiKTeX 2.9\tex/latex/atveryend\atveryend.
sty"
Package: atveryend 2019-12-11 v1.11 Hooks at the very end of document (HO)
Package atveryend Info: \enddocument detected (standard20110627).
)
("C:\Users\Tim\AppData\Local\Programs\MiKTeX 2.9\tex/generic/uniquecounter\uniq
uecounter.sty"
Package: uniquecounter 2019/12/15 v1.4 Provide unlimited unique counter (HO)

("C:\Users\Tim\AppData\Local\Programs\MiKTeX 2.9\tex/generic/bigintcalc\bigintc
alc.sty"
Package: bigintcalc 2019/12/15 v1.5 Expandable calculations on big integers (HO
)
))
Package uniquecounter Info: New unique counter `rerunfilecheck' on input line 2
86.
))
\c@Hy@tempcnt=\count179

("C:\Users\Tim\AppData\Local\Programs\MiKTeX 2.9\tex/latex/url\url.sty"
\Urlmuskip=\muskip16
Package: url 2013/09/16  ver 3.4  Verb mode for urls, etc.
)
LaTeX Info: Redefining \url on input line 5159.
\XeTeXLinkMargin=\dimen137

("C:\Users\Tim\AppData\Local\Programs\MiKTeX 2.9\tex/generic/bitset\bitset.sty"
Package: bitset 2019/12/09 v1.3 Handle bit-vector datatype (HO)
)
\Fld@menulength=\count180
\Field@Width=\dimen138
\Fld@charsize=\dimen139
Package hyperref Info: Hyper figures OFF on input line 6430.
Package hyperref Info: Link nesting OFF on input line 6435.
Package hyperref Info: Hyper index ON on input line 6438.
Package hyperref Info: backreferencing ON on input line 6443.
Package hyperref Info: Link coloring ON on input line 6448.
Package hyperref Info: Link coloring with OCG OFF on input line 6455.
Package hyperref Info: PDF/A mode OFF on input line 6460.
LaTeX Info: Redefining \ref on input line 6500.
LaTeX Info: Redefining \pageref on input line 6504.

("C:\Users\Tim\AppData\Local\Programs\MiKTeX 2.9\tex/generic/atbegshi\atbegshi.
sty"
Package: atbegshi 2019/12/05 v1.19 At begin shipout hook (HO)
)
\Hy@abspage=\count181
\c@Item=\count182
\c@Hfootnote=\count183
)
Package hyperref Info: Driver: hpdftex.

("C:\Users\Tim\AppData\Local\Programs\MiKTeX 2.9\tex/latex/hyperref\hpdftex.def
"
File: hpdftex.def 2020/01/14 v7.00d Hyperref driver for pdfTeX
\Fld@listcount=\count184
\c@bookmark@seq@number=\count185
\Hy@SectionHShift=\skip50
) ("C:\Users\Tim\AppData\Local\Programs\MiKTeX 2.9\tex/latex/base\t1enc.sty"
Package: t1enc 1994/06/01 Standard LaTeX package
)
(dfadobe.sty
Package: dfadobe 2000/03/05 v1.4 T1-encoded Times (except symbols), Courier, He
lvetica (at 90\%) + math package
LaTeX Font Info:    Redeclaring symbol font `operators' on input line 14.
LaTeX Font Info:    Overwriting symbol font `operators' in version `normal'
(Font)                  OT1/cmr/m/n --> OT1/ptmcm/m/n on input line 14.
LaTeX Font Info:    Overwriting symbol font `operators' in version `bold'
(Font)                  OT1/cmr/bx/n --> OT1/ptmcm/m/n on input line 14.
LaTeX Font Info:    Redeclaring symbol font `letters' on input line 15.
LaTeX Font Info:    Overwriting symbol font `letters' in version `normal'
(Font)                  OML/cmm/m/it --> OML/ptmcm/m/it on input line 15.
LaTeX Font Info:    Overwriting symbol font `letters' in version `bold'
(Font)                  OML/cmm/b/it --> OML/ptmcm/m/it on input line 15.
LaTeX Font Info:    Redeclaring symbol font `largesymbols' on input line 16.
LaTeX Font Info:    Overwriting symbol font `largesymbols' in version `normal'
(Font)                  OMX/cmex/m/n --> OMX/psycm/m/n on input line 16.
LaTeX Font Info:    Overwriting symbol font `largesymbols' in version `bold'
(Font)                  OMX/cmex/m/n --> OMX/psycm/m/n on input line 16.
\symbold=\mathgroup4
\symitalic=\mathgroup5
LaTeX Font Info:    Redeclaring math alphabet \mathbf on input line 19.
LaTeX Font Info:    Overwriting math alphabet `\mathbf' in version `normal'
(Font)                  OT1/cmr/bx/n --> OT1/ptm/bx/n on input line 19.
LaTeX Font Info:    Overwriting math alphabet `\mathbf' in version `bold'
(Font)                  OT1/cmr/bx/n --> OT1/ptm/bx/n on input line 19.
LaTeX Font Info:    Redeclaring math alphabet \mathit on input line 20.
LaTeX Font Info:    Overwriting math alphabet `\mathit' in version `normal'
(Font)                  OT1/cmr/m/it --> OT1/ptm/m/it on input line 20.
LaTeX Font Info:    Overwriting math alphabet `\mathit' in version `bold'
(Font)                  OT1/cmr/bx/it --> OT1/ptm/m/it on input line 20.
 (dfT1ptm.fd
File: dfT1ptm.fd 2000/03/05 DF - Fontinst v1.6 font definitions for T1/ptm.


LaTeX Warning: Font shape declaration has incorrect series value `mc'.
               It should not contain an `m'! Please correct it.
               Found on input line 59.


LaTeX Warning: Font shape declaration has incorrect series value `mc'.
               It should not contain an `m'! Please correct it.
               Found on input line 60.


LaTeX Warning: Font shape declaration has incorrect series value `mc'.
               It should not contain an `m'! Please correct it.
               Found on input line 61.

) (dfT1phv.fd
File: dfT1phv.fd 1997/12/02 Fontinst v1.6 font definitions for T1/phv scaled to
 90\%.


LaTeX Warning: Font shape declaration has incorrect series value `mc'.
               It should not contain an `m'! Please correct it.
               Found on input line 65.


LaTeX Warning: Font shape declaration has incorrect series value `mc'.
               It should not contain an `m'! Please correct it.
               Found on input line 69.


LaTeX Warning: Font shape declaration has incorrect series value `mc'.
               It should not contain an `m'! Please correct it.
               Found on input line 73.


LaTeX Warning: Font shape declaration has incorrect series value `mc'.
               It should not contain an `m'! Please correct it.
               Found on input line 83.

) (dfT1pcr.fd
File: dfT1pcr.fd 2000/03/05 DF - Fontinst v1.6 font definitions for T1/pcr.


LaTeX Warning: Font shape declaration has incorrect series value `mc'.
               It should not contain an `m'! Please correct it.
               Found on input line 43.


LaTeX Warning: Font shape declaration has incorrect series value `mc'.
               It should not contain an `m'! Please correct it.
               Found on input line 59.


LaTeX Warning: Font shape declaration has incorrect series value `mc'.
               It should not contain an `m'! Please correct it.
               Found on input line 60.

)) (egweblnk.sty
Package: egweblnk 2004/10/29 v2.2 DF's support for http web links in class egpu
bl
)
("C:\Users\Tim\AppData\Local\Programs\MiKTeX 2.9\tex/latex/cite\cite.sty"
LaTeX Info: Redefining \cite on input line 302.
LaTeX Info: Redefining \nocite on input line 332.
Package: cite 2015/02/27  v 5.5
)
("C:\Users\Tim\AppData\Local\Programs\MiKTeX 2.9\tex/latex/l3backend\l3backend-
pdfmode.def"
File: l3backend-pdfmode.def 2020-03-12 L3 backend support: PDF mode
\l__kernel_color_stack_int=\count186
\l__pdf_internal_box=\box45
) (EGauthorGuidelines-eurovis14-star.aux)
\openout1 = `EGauthorGuidelines-eurovis14-star.aux'.

LaTeX Font Info:    Checking defaults for OML/cmm/m/it on input line 72.
LaTeX Font Info:    ... okay on input line 72.
LaTeX Font Info:    Checking defaults for OMS/cmsy/m/n on input line 72.
LaTeX Font Info:    ... okay on input line 72.
LaTeX Font Info:    Checking defaults for OT1/cmr/m/n on input line 72.
LaTeX Font Info:    ... okay on input line 72.
LaTeX Font Info:    Checking defaults for T1/cmr/m/n on input line 72.
LaTeX Font Info:    ... okay on input line 72.
LaTeX Font Info:    Checking defaults for TS1/cmr/m/n on input line 72.
LaTeX Font Info:    ... okay on input line 72.
LaTeX Font Info:    Checking defaults for OMX/cmex/m/n on input line 72.
LaTeX Font Info:    ... okay on input line 72.
LaTeX Font Info:    Checking defaults for U/cmr/m/n on input line 72.
LaTeX Font Info:    ... okay on input line 72.
LaTeX Font Info:    Checking defaults for PD1/pdf/m/n on input line 72.
LaTeX Font Info:    ... okay on input line 72.

("C:\Users\Tim\AppData\Local\Programs\MiKTeX 2.9\tex/context/base/mkii\supp-pdf
.mkii"
[Loading MPS to PDF converter (version 2006.09.02).]
\scratchcounter=\count187
\scratchdimen=\dimen140
\scratchbox=\box46
\nofMPsegments=\count188
\nofMParguments=\count189
\everyMPshowfont=\toks18
\MPscratchCnt=\count190
\MPscratchDim=\dimen141
\MPnumerator=\count191
\makeMPintoPDFobject=\count192
\everyMPtoPDFconversion=\toks19
)
("C:\Users\Tim\AppData\Local\Programs\MiKTeX 2.9\tex/latex/epstopdf-pkg\epstopd
f-base.sty"
Package: epstopdf-base 2020-01-24 v2.11 Base part for package epstopdf
Package epstopdf-base Info: Redefining graphics rule for `.eps' on input line 4
85.
)
\AtBeginShipoutBox=\box47


Package hyperref Warning: Height of page (\paperheight) is invalid (0.0pt),
(hyperref)                using 11in.

("C:\Users\Tim\AppData\Local\Programs\MiKTeX 2.9\tex/latex/graphics\color.sty"
Package: color 2019/11/23 v1.2a Standard LaTeX Color (DPC)

("C:\Users\Tim\AppData\Local\Programs\MiKTeX 2.9\tex/latex/graphics-cfg\color.c
fg"
File: color.cfg 2016/01/02 v1.6 sample color configuration
)
Package color Info: Driver file: pdftex.def on input line 147.
)
Package hyperref Info: Link coloring ON on input line 72.

("C:\Users\Tim\AppData\Local\Programs\MiKTeX 2.9\tex/latex/hyperref\nameref.sty
"
Package: nameref 2019/09/16 v2.46 Cross-referencing by name of section

("C:\Users\Tim\AppData\Local\Programs\MiKTeX 2.9\tex/latex/refcount\refcount.st
y"
Package: refcount 2019/12/15 v3.6 Data extraction from label references (HO)
)
("C:\Users\Tim\AppData\Local\Programs\MiKTeX 2.9\tex/generic/gettitlestring\get
titlestring.sty"
Package: gettitlestring 2019/12/15 v1.6 Cleanup title references (HO)
)
\c@section@level=\count193
)
LaTeX Info: Redefining \ref on input line 72.
LaTeX Info: Redefining \pageref on input line 72.
LaTeX Info: Redefining \nameref on input line 72.
LaTeX Font Info:    Trying to load font information for OT1+ptmcm on input line
 82.

("C:\Users\Tim\AppData\Local\Programs\MiKTeX 2.9\tex/latex/psnfss\ot1ptmcm.fd"
File: ot1ptmcm.fd 2000/01/03 Fontinst v1.801 font definitions for OT1/ptmcm.
)
LaTeX Font Info:    Trying to load font information for OML+ptmcm on input line
 82.
("C:\Users\Tim\AppData\Local\Programs\MiKTeX 2.9\tex/latex/psnfss\omlptmcm.fd"
File: omlptmcm.fd 2000/01/03 Fontinst v1.801 font definitions for OML/ptmcm.
)
LaTeX Font Info:    Trying to load font information for OMX+psycm on input line
 82.
("C:\Users\Tim\AppData\Local\Programs\MiKTeX 2.9\tex/latex/psnfss\omxpsycm.fd"
File: omxpsycm.fd 2000/01/03 Fontinst v1.801 font definitions for OMX/psycm.
)
LaTeX Font Info:    Trying to load font information for OT1+ptm on input line 8
2.
("C:\Users\Tim\AppData\Local\Programs\MiKTeX 2.9\tex/latex/psnfss\ot1ptm.fd"
File: ot1ptm.fd 2001/06/04 font definitions for OT1/ptm.
)

LaTeX Warning: Reference `e_geodetski_podatki' on page 1 undefined on input lin
e 95.

<terrain_inter.png, id=4, 903.375pt x 536.75531pt>
File: terrain_inter.png Graphic file (type png)
<use terrain_inter.png>
Package pdftex.def Info: terrain_inter.png  used on input line 113.
(pdftex.def)             Requested size: 216.0pt x 128.34067pt.
<terrain_br.png, id=6, 903.375pt x 536.0025pt>
File: terrain_br.png Graphic file (type png)
<use terrain_br.png>
Package pdftex.def Info: terrain_br.png  used on input line 114.
(pdftex.def)             Requested size: 216.0pt x 128.16068pt.
LaTeX Font Info:    Trying to load font information for TS1+ptm on input line 1
28.
("C:\Users\Tim\AppData\Local\Programs\MiKTeX 2.9\tex/latex/psnfss\ts1ptm.fd"
File: ts1ptm.fd 2001/06/04 font definitions for TS1/ptm.
)
[1{C:/Users/Tim/AppData/Local/MiKTeX/2.9/pdftex/config/pdftex.map}


 <./terrain_inter.png> <./terrain_br.png>]
<bridge.png, id=23, 478.78876pt x 298.11375pt>
File: bridge.png Graphic file (type png)
<use bridge.png>
Package pdftex.def Info: bridge.png  used on input line 131.
(pdftex.def)             Requested size: 216.0pt x 134.4911pt.
<side_pre_3.png, id=26, 904.1278pt x 536.75531pt>
File: side_pre_3.png Graphic file (type png)
<use side_pre_3.png>
Package pdftex.def Info: side_pre_3.png  used on input line 164.
(pdftex.def)             Requested size: 216.0pt x 128.22601pt.
<side_br_3.png, id=27, 904.1278pt x 536.75531pt>
File: side_br_3.png Graphic file (type png)
<use side_br_3.png>
Package pdftex.def Info: side_br_3.png  used on input line 165.
(pdftex.def)             Requested size: 216.0pt x 128.22601pt.
<front_pre.png, id=28, 1001.24063pt x 594.72188pt>
File: front_pre.png Graphic file (type png)
<use front_pre.png>
Package pdftex.def Info: front_pre.png  used on input line 173.
(pdftex.def)             Requested size: 216.0pt x 128.2983pt.
<front_br.png, id=29, 1001.24063pt x 595.47469pt>
File: front_br.png Graphic file (type png)
<use front_br.png>
Package pdftex.def Info: front_br.png  used on input line 174.
(pdftex.def)             Requested size: 216.0pt x 128.4607pt.
 [2 <./bridge.png (PNG copy)> <./side_pre_3.png> <./side_br_3.png>]
No file EGauthorGuidelines-eurovis14-star.bbl.
Package atveryend Info: Empty hook `BeforeClearDocument' on input line 201.
[3

 <./front_pre.png> <./front_br.png>]
Package atveryend Info: Empty hook `AfterLastShipout' on input line 201.
 (EGauthorGuidelines-eurovis14-star.aux)
Package atveryend Info: Executing hook `AtVeryEndDocument' on input line 201.
Package atveryend Info: Empty hook `AtEndAfterFileList' on input line 201.


LaTeX Warning: There were undefined references.

Package atveryend Info: Empty hook `AtVeryVeryEnd' on input line 201.
 ) 
Here is how much of TeX's memory you used:
 5931 strings out of 480930
 94164 string characters out of 2900700
 359492 words of memory out of 3000000
 21660 multiletter control sequences out of 15000+200000
 569942 words of font info for 72 fonts, out of 3000000 for 9000
 1141 hyphenation exceptions out of 8191
 47i,11n,37p,320b,317s stack positions out of 5000i,500n,10000p,200000b,50000s
{C:/Users/Tim/AppData/Local/Programs/MiKTeX 2.9/fonts/enc/dvips/base/8r.enc}<
C:/Users/Tim/AppData/Local/Programs/MiKTeX 2.9/fonts/type1/public/amsfonts/cm/c
msy9.pfb><C:/Users/Tim/AppData/Local/Programs/MiKTeX 2.9/fonts/type1/urw/times/
utmb8a.pfb><C:/Users/Tim/AppData/Local/Programs/MiKTeX 2.9/fonts/type1/urw/time
s/utmr8a.pfb><C:/Users/Tim/AppData/Local/Programs/MiKTeX 2.9/fonts/type1/urw/ti
mes/utmri8a.pfb>
Output written on EGauthorGuidelines-eurovis14-star.pdf (3 pages, 284107 bytes)
.
PDF statistics:
 68 PDF objects out of 1000 (max. 8388607)
 14 named destinations out of 1000 (max. 500000)
 36 words of extra memory for PDF output out of 10000 (max. 10000000)

